2026-03-01T22:10:50,995 [main] INFO  org.opensearch.dataprepper.pipeline.parser.transformer.DynamicConfigTransformer - No transformation needed
2026-03-01T22:10:51,811 [main] INFO  org.opensearch.dataprepper.plugins.kafka.extension.KafkaClusterConfigExtension - Applying Kafka Cluster Config Extension.
2026-03-01T22:10:52,361 [main] INFO  org.opensearch.dataprepper.plugins.source.iceberg.IcebergSource - Creating Iceberg Source for 1 table(s)
2026-03-01T22:10:52,535 [main] WARN  org.opensearch.dataprepper.core.pipeline.server.config.DataPrepperServerConfiguration - Creating data prepper server without authentication. This is not secure.
2026-03-01T22:10:52,539 [main] WARN  org.opensearch.dataprepper.core.pipeline.server.config.DataPrepperServerConfiguration - In order to set up Http Basic authentication for the data prepper server, go here: https://github.com/opensearch-project/data-prepper/blob/main/docs/core_apis.md#authentication
2026-03-01T22:10:52,703 [main] WARN  org.opensearch.dataprepper.plugins.sourcecoordinator.inmemory.InMemorySourceCoordinationStore - The in_memory source coordination store is not recommended for production workloads. It is only effective in single node environments of Data Prepper, and can run into memory limitations over time if the number of partitions is too great.
2026-03-01T22:10:52,704 [iceberg-cdc-pipeline-sink-worker-2-thread-1] INFO  org.opensearch.dataprepper.plugins.sink.opensearch.OpenSearchSink - Initializing OpenSearch sink
2026-03-01T22:10:52,710 [main] WARN  org.opensearch.dataprepper.core.pipeline.server.HttpServerProvider - Creating Data Prepper server without TLS. This is not secure.
2026-03-01T22:10:52,710 [main] WARN  org.opensearch.dataprepper.core.pipeline.server.HttpServerProvider - In order to set up TLS for the Data Prepper server, go here: https://github.com/opensearch-project/data-prepper/blob/main/docs/configuration.md#server-configuration
2026-03-01T22:10:52,714 [iceberg-cdc-pipeline-sink-worker-2-thread-1] INFO  org.opensearch.dataprepper.plugins.sink.opensearch.ConnectionConfiguration - Using the username provided in the config.
2026-03-01T22:10:53,379 [iceberg-cdc-pipeline-sink-worker-2-thread-1] INFO  org.opensearch.dataprepper.plugins.sink.opensearch.ConnectionConfiguration - Using the trust all strategy
2026-03-01T22:10:54,622 [iceberg-cdc-pipeline-sink-worker-2-thread-1] INFO  org.opensearch.dataprepper.plugins.sink.opensearch.OpenSearchSink - Initialized OpenSearch sink
2026-03-01T22:10:54,622 [iceberg-cdc-pipeline-sink-worker-2-thread-1] INFO  org.opensearch.dataprepper.plugins.source.iceberg.IcebergSource - Starting Iceberg Source
2026-03-01T22:10:54,626 [iceberg-cdc-pipeline-sink-worker-2-thread-1] INFO  org.opensearch.dataprepper.plugins.source.iceberg.IcebergService - Starting Iceberg service
2026-03-01T22:10:54,627 [iceberg-cdc-pipeline-sink-worker-2-thread-1] INFO  org.opensearch.dataprepper.plugins.source.iceberg.IcebergService - Loading catalog and table for iceberg_cdc_poc.users_unpartitioned
2026-03-01T22:10:56,928 [iceberg-cdc-pipeline-sink-worker-2-thread-1] INFO  org.opensearch.dataprepper.plugins.source.iceberg.IcebergService - Loaded table iceberg_cdc_poc.users_unpartitioned (current snapshot: 2906327858013843654)
2026-03-01T22:10:56,933 [pool-8-thread-2] INFO  org.opensearch.dataprepper.plugins.source.iceberg.worker.ChangelogWorker - Starting Changelog Worker
2026-03-01T22:10:56,933 [pool-8-thread-1] INFO  org.opensearch.dataprepper.plugins.source.iceberg.leader.LeaderScheduler - Starting Iceberg Leader Scheduler
2026-03-01T22:11:06,941 [pool-8-thread-1] INFO  org.opensearch.dataprepper.plugins.source.iceberg.leader.LeaderScheduler - Running as LEADER node
2026-03-01T22:11:07,069 [pool-8-thread-1] INFO  org.opensearch.dataprepper.plugins.source.iceberg.leader.LeaderScheduler - Starting initial load for table iceberg_cdc_poc.users_unpartitioned at snapshot 2906327858013843654
2026-03-01T22:11:08,232 [pool-8-thread-1] INFO  org.opensearch.dataprepper.plugins.source.iceberg.leader.LeaderScheduler - Created 1 initial load partition(s) for table iceberg_cdc_poc.users_unpartitioned snapshot 2906327858013843654
2026-03-01T22:11:09,006 [pool-8-thread-2] INFO  org.opensearch.dataprepper.plugins.source.iceberg.worker.ChangelogWorker - Processing initial load partition for table iceberg_cdc_poc.users_unpartitioned file s3://497197612387-ap-northeast-1-experiment/iceberg-poc/iceberg_cdc_poc.db/users_unpartitioned/data/00000-12-beee58e0-871d-495c-a4a4-c1a850d6babf-0-00001.parquet
2026-03-01T22:11:10,294 [pool-8-thread-2] INFO  org.opensearch.dataprepper.plugins.source.iceberg.worker.ChangelogWorker - Completed initial load partition for table iceberg_cdc_poc.users_unpartitioned: 3 rows
2026-03-01T22:11:12,253 [pool-8-thread-1] INFO  org.opensearch.dataprepper.plugins.source.iceberg.leader.LeaderScheduler - Initial load completed for table iceberg_cdc_poc.users_unpartitioned at snapshot 2906327858013843654
2026-03-01T22:11:12,255 [pool-8-thread-1] INFO  org.opensearch.dataprepper.plugins.source.iceberg.leader.LeaderScheduler - Leader initialized
2026-03-01T22:12:01,967 [iceberg-cdc-pipeline-sink-worker-2-thread-1] INFO  org.opensearch.dataprepper.plugins.sink.opensearch.ConnectionConfiguration - Using the username provided in the config.
2026-03-01T22:12:02,035 [iceberg-cdc-pipeline-sink-worker-2-thread-1] INFO  org.opensearch.dataprepper.plugins.sink.opensearch.ConnectionConfiguration - Using the trust all strategy
2026-03-01T22:12:45,260 [pool-8-thread-1] INFO  org.opensearch.dataprepper.plugins.source.iceberg.leader.LeaderScheduler - Processing 1 snapshot(s) for table iceberg_cdc_poc.users_unpartitioned (2906327858013843654 -> 7593519271322808163)
2026-03-01T22:12:45,263 [pool-8-thread-1] INFO  org.opensearch.dataprepper.plugins.source.iceberg.leader.LeaderScheduler - Planning snapshot 7593519271322808163 for table iceberg_cdc_poc.users_unpartitioned (operation: append)
2026-03-01T22:12:45,636 [pool-8-thread-1] INFO  org.opensearch.dataprepper.plugins.source.iceberg.leader.TaskGrouper - Planned 1 task group(s) for table iceberg_cdc_poc.users_unpartitioned (snapshot 2906327858013843654 -> 7593519271322808163)
2026-03-01T22:12:45,658 [pool-8-thread-1] INFO  org.opensearch.dataprepper.plugins.source.iceberg.leader.LeaderScheduler - Created 1 partition(s) for snapshot 7593519271322808163, waiting for completion
2026-03-01T22:12:47,229 [pool-8-thread-2] INFO  org.opensearch.dataprepper.plugins.source.iceberg.worker.ChangelogWorker - Processing partition for table iceberg_cdc_poc.users_unpartitioned snapshot 7593519271322808163 with 1 file(s)
2026-03-01T22:12:47,235 [pool-8-thread-2] INFO  org.opensearch.dataprepper.plugins.source.iceberg.worker.ChangelogWorker - Reading file s3://497197612387-ap-northeast-1-experiment/iceberg-poc/iceberg_cdc_poc.db/users_unpartitioned/data/00000-0-ee695b4d-3f0c-42d3-9a6f-ca35398250cb-0-00001.parquet (type: ADDED, operation: INSERT)
2026-03-01T22:12:47,646 [pool-8-thread-2] INFO  org.opensearch.dataprepper.plugins.source.iceberg.worker.ChangelogWorker - Writing INSERT event: document_id=50, bulk_action=index
2026-03-01T22:12:47,647 [pool-8-thread-2] INFO  org.opensearch.dataprepper.plugins.source.iceberg.worker.ChangelogWorker - Completed processing partition for table iceberg_cdc_poc.users_unpartitioned snapshot 7593519271322808163: 1 events written
2026-03-01T22:12:47,672 [pool-8-thread-1] INFO  org.opensearch.dataprepper.plugins.source.iceberg.leader.LeaderScheduler - Snapshot 7593519271322808163 completed for table iceberg_cdc_poc.users_unpartitioned
2026-03-01T22:13:58,740 [pool-8-thread-1] INFO  org.opensearch.dataprepper.plugins.source.iceberg.leader.LeaderScheduler - Processing 1 snapshot(s) for table iceberg_cdc_poc.users_unpartitioned (7593519271322808163 -> 2114723167719032760)
2026-03-01T22:13:58,745 [pool-8-thread-1] INFO  org.opensearch.dataprepper.plugins.source.iceberg.leader.LeaderScheduler - Planning snapshot 2114723167719032760 for table iceberg_cdc_poc.users_unpartitioned (operation: overwrite)
2026-03-01T22:13:59,039 [pool-8-thread-1] INFO  org.opensearch.dataprepper.plugins.source.iceberg.leader.TaskGrouper - Planned 1 task group(s) for table iceberg_cdc_poc.users_unpartitioned (snapshot 7593519271322808163 -> 2114723167719032760)
2026-03-01T22:13:59,042 [pool-8-thread-1] INFO  org.opensearch.dataprepper.plugins.source.iceberg.leader.LeaderScheduler - Created 1 partition(s) for snapshot 2114723167719032760, waiting for completion
2026-03-01T22:13:59,884 [pool-8-thread-2] INFO  org.opensearch.dataprepper.plugins.source.iceberg.worker.ChangelogWorker - Processing partition for table iceberg_cdc_poc.users_unpartitioned snapshot 2114723167719032760 with 2 file(s)
2026-03-01T22:13:59,887 [pool-8-thread-2] INFO  org.opensearch.dataprepper.plugins.source.iceberg.worker.ChangelogWorker - Reading file s3://497197612387-ap-northeast-1-experiment/iceberg-poc/iceberg_cdc_poc.db/users_unpartitioned/data/00000-12-beee58e0-871d-495c-a4a4-c1a850d6babf-0-00001.parquet (type: DELETED, operation: DELETE)
2026-03-01T22:14:00,266 [pool-8-thread-2] INFO  org.opensearch.dataprepper.plugins.source.iceberg.worker.ChangelogWorker - Reading file s3://497197612387-ap-northeast-1-experiment/iceberg-poc/iceberg_cdc_poc.db/users_unpartitioned/data/00000-3-29d2684a-2586-4514-b8f4-9b6fe75378e7-0-00001.parquet (type: ADDED, operation: INSERT)
2026-03-01T22:14:00,821 [pool-8-thread-2] INFO  org.opensearch.dataprepper.plugins.source.iceberg.worker.ChangelogWorker - Carryover removal: 6 rows -> 2 rows
2026-03-01T22:14:00,822 [pool-8-thread-2] INFO  org.opensearch.dataprepper.plugins.source.iceberg.worker.ChangelogWorker -   Surviving row: Record(1, Alice, 30) op=DELETE
2026-03-01T22:14:00,823 [pool-8-thread-2] INFO  org.opensearch.dataprepper.plugins.source.iceberg.worker.ChangelogWorker -   Surviving row: Record(1, AliceUpdated, 30) op=INSERT
2026-03-01T22:14:00,824 [pool-8-thread-2] INFO  org.opensearch.dataprepper.plugins.source.iceberg.worker.ChangelogWorker - Writing DELETE event: document_id=1, bulk_action=delete
2026-03-01T22:14:00,828 [pool-8-thread-2] INFO  org.opensearch.dataprepper.plugins.source.iceberg.worker.ChangelogWorker - Writing INSERT event: document_id=1, bulk_action=index
2026-03-01T22:14:00,828 [pool-8-thread-2] INFO  org.opensearch.dataprepper.plugins.source.iceberg.worker.ChangelogWorker - Completed processing partition for table iceberg_cdc_poc.users_unpartitioned snapshot 2114723167719032760: 2 events written
2026-03-01T22:14:01,048 [pool-8-thread-1] INFO  org.opensearch.dataprepper.plugins.source.iceberg.leader.LeaderScheduler - Snapshot 2114723167719032760 completed for table iceberg_cdc_poc.users_unpartitioned
2026-03-01T22:15:12,051 [pool-8-thread-1] INFO  org.opensearch.dataprepper.plugins.source.iceberg.leader.LeaderScheduler - Processing 1 snapshot(s) for table iceberg_cdc_poc.users_unpartitioned (2114723167719032760 -> 169772872131975979)
2026-03-01T22:15:12,057 [pool-8-thread-1] INFO  org.opensearch.dataprepper.plugins.source.iceberg.leader.LeaderScheduler - Planning snapshot 169772872131975979 for table iceberg_cdc_poc.users_unpartitioned (operation: delete)
2026-03-01T22:15:12,236 [pool-8-thread-1] INFO  org.opensearch.dataprepper.plugins.source.iceberg.leader.TaskGrouper - Planned 1 task group(s) for table iceberg_cdc_poc.users_unpartitioned (snapshot 2114723167719032760 -> 169772872131975979)
2026-03-01T22:15:12,240 [pool-8-thread-1] INFO  org.opensearch.dataprepper.plugins.source.iceberg.leader.LeaderScheduler - Created 1 partition(s) for snapshot 169772872131975979, waiting for completion
2026-03-01T22:15:13,063 [pool-8-thread-2] INFO  org.opensearch.dataprepper.plugins.source.iceberg.worker.ChangelogWorker - Processing partition for table iceberg_cdc_poc.users_unpartitioned snapshot 169772872131975979 with 1 file(s)
2026-03-01T22:15:13,063 [pool-8-thread-2] INFO  org.opensearch.dataprepper.plugins.source.iceberg.worker.ChangelogWorker - Reading file s3://497197612387-ap-northeast-1-experiment/iceberg-poc/iceberg_cdc_poc.db/users_unpartitioned/data/00000-0-ee695b4d-3f0c-42d3-9a6f-ca35398250cb-0-00001.parquet (type: DELETED, operation: DELETE)
2026-03-01T22:15:13,440 [pool-8-thread-2] INFO  org.opensearch.dataprepper.plugins.source.iceberg.worker.ChangelogWorker - Carryover removal: 1 rows -> 1 rows
2026-03-01T22:15:13,440 [pool-8-thread-2] INFO  org.opensearch.dataprepper.plugins.source.iceberg.worker.ChangelogWorker -   Surviving row: Record(50, UnpartNew, 99) op=DELETE
2026-03-01T22:15:13,440 [pool-8-thread-2] INFO  org.opensearch.dataprepper.plugins.source.iceberg.worker.ChangelogWorker - Writing DELETE event: document_id=50, bulk_action=delete
2026-03-01T22:15:13,441 [pool-8-thread-2] INFO  org.opensearch.dataprepper.plugins.source.iceberg.worker.ChangelogWorker - Completed processing partition for table iceberg_cdc_poc.users_unpartitioned snapshot 169772872131975979: 1 events written
2026-03-01T22:15:14,246 [pool-8-thread-1] INFO  org.opensearch.dataprepper.plugins.source.iceberg.leader.LeaderScheduler - Snapshot 169772872131975979 completed for table iceberg_cdc_poc.users_unpartitioned
2026-03-01T22:16:27,201 [main] INFO  org.opensearch.dataprepper.pipeline.parser.transformer.DynamicConfigTransformer - No transformation needed
2026-03-01T22:16:27,749 [main] INFO  org.opensearch.dataprepper.plugins.kafka.extension.KafkaClusterConfigExtension - Applying Kafka Cluster Config Extension.
2026-03-01T22:16:28,485 [main] INFO  org.opensearch.dataprepper.plugins.source.iceberg.IcebergSource - Creating Iceberg Source for 2 table(s)
2026-03-01T22:16:28,640 [main] WARN  org.opensearch.dataprepper.core.pipeline.server.config.DataPrepperServerConfiguration - Creating data prepper server without authentication. This is not secure.
2026-03-01T22:16:28,644 [main] WARN  org.opensearch.dataprepper.core.pipeline.server.config.DataPrepperServerConfiguration - In order to set up Http Basic authentication for the data prepper server, go here: https://github.com/opensearch-project/data-prepper/blob/main/docs/core_apis.md#authentication
2026-03-01T22:16:28,736 [main] WARN  org.opensearch.dataprepper.plugins.sourcecoordinator.inmemory.InMemorySourceCoordinationStore - The in_memory source coordination store is not recommended for production workloads. It is only effective in single node environments of Data Prepper, and can run into memory limitations over time if the number of partitions is too great.
2026-03-01T22:16:28,737 [iceberg-cdc-pipeline-sink-worker-2-thread-1] INFO  org.opensearch.dataprepper.plugins.sink.opensearch.OpenSearchSink - Initializing OpenSearch sink
2026-03-01T22:16:28,743 [main] WARN  org.opensearch.dataprepper.core.pipeline.server.HttpServerProvider - Creating Data Prepper server without TLS. This is not secure.
2026-03-01T22:16:28,745 [main] WARN  org.opensearch.dataprepper.core.pipeline.server.HttpServerProvider - In order to set up TLS for the Data Prepper server, go here: https://github.com/opensearch-project/data-prepper/blob/main/docs/configuration.md#server-configuration
2026-03-01T22:16:28,762 [iceberg-cdc-pipeline-sink-worker-2-thread-1] INFO  org.opensearch.dataprepper.plugins.sink.opensearch.ConnectionConfiguration - Using the username provided in the config.
2026-03-01T22:16:29,027 [iceberg-cdc-pipeline-sink-worker-2-thread-1] INFO  org.opensearch.dataprepper.plugins.sink.opensearch.ConnectionConfiguration - Using the trust all strategy
2026-03-01T22:16:29,681 [iceberg-cdc-pipeline-sink-worker-2-thread-1] INFO  org.opensearch.dataprepper.plugins.sink.opensearch.OpenSearchSink - Initialized OpenSearch sink
2026-03-01T22:16:29,683 [iceberg-cdc-pipeline-sink-worker-2-thread-1] INFO  org.opensearch.dataprepper.plugins.source.iceberg.IcebergSource - Starting Iceberg Source
2026-03-01T22:16:29,689 [iceberg-cdc-pipeline-sink-worker-2-thread-1] INFO  org.opensearch.dataprepper.plugins.source.iceberg.IcebergService - Starting Iceberg service
2026-03-01T22:16:29,702 [iceberg-cdc-pipeline-sink-worker-2-thread-1] INFO  org.opensearch.dataprepper.plugins.source.iceberg.IcebergService - Loading catalog and table for iceberg_cdc_poc.users_partitioned
2026-03-01T22:16:32,386 [iceberg-cdc-pipeline-sink-worker-2-thread-1] INFO  org.opensearch.dataprepper.plugins.source.iceberg.IcebergService - Loaded table iceberg_cdc_poc.users_partitioned (current snapshot: 2474899801307623196)
2026-03-01T22:16:32,386 [iceberg-cdc-pipeline-sink-worker-2-thread-1] INFO  org.opensearch.dataprepper.plugins.source.iceberg.IcebergService - Loading catalog and table for iceberg_cdc_poc.users_unpartitioned
2026-03-01T22:16:32,613 [iceberg-cdc-pipeline-sink-worker-2-thread-1] INFO  org.opensearch.dataprepper.plugins.source.iceberg.IcebergService - Loaded table iceberg_cdc_poc.users_unpartitioned (current snapshot: 169772872131975979)
2026-03-01T22:16:32,618 [pool-10-thread-1] INFO  org.opensearch.dataprepper.plugins.source.iceberg.leader.LeaderScheduler - Starting Iceberg Leader Scheduler
2026-03-01T22:16:32,619 [pool-10-thread-2] INFO  org.opensearch.dataprepper.plugins.source.iceberg.worker.ChangelogWorker - Starting Changelog Worker
2026-03-01T22:16:32,623 [pool-10-thread-1] INFO  org.opensearch.dataprepper.plugins.source.iceberg.leader.LeaderScheduler - Running as LEADER node
2026-03-01T22:16:32,698 [pool-10-thread-1] INFO  org.opensearch.dataprepper.plugins.source.iceberg.leader.LeaderScheduler - Starting initial load for table iceberg_cdc_poc.users_unpartitioned at snapshot 169772872131975979
2026-03-01T22:16:33,534 [pool-10-thread-1] INFO  org.opensearch.dataprepper.plugins.source.iceberg.leader.LeaderScheduler - Created 1 initial load partition(s) for table iceberg_cdc_poc.users_unpartitioned snapshot 169772872131975979
2026-03-01T22:16:34,648 [pool-10-thread-2] INFO  org.opensearch.dataprepper.plugins.source.iceberg.worker.ChangelogWorker - Processing initial load partition for table iceberg_cdc_poc.users_unpartitioned file s3://497197612387-ap-northeast-1-experiment/iceberg-poc/iceberg_cdc_poc.db/users_unpartitioned/data/00000-3-29d2684a-2586-4514-b8f4-9b6fe75378e7-0-00001.parquet
2026-03-01T22:16:36,052 [pool-10-thread-2] INFO  org.opensearch.dataprepper.plugins.source.iceberg.worker.ChangelogWorker - Completed initial load partition for table iceberg_cdc_poc.users_unpartitioned: 3 rows
2026-03-01T22:16:37,552 [pool-10-thread-1] INFO  org.opensearch.dataprepper.plugins.source.iceberg.leader.LeaderScheduler - Initial load completed for table iceberg_cdc_poc.users_unpartitioned at snapshot 169772872131975979
2026-03-01T22:16:37,660 [pool-10-thread-1] INFO  org.opensearch.dataprepper.plugins.source.iceberg.leader.LeaderScheduler - Starting initial load for table iceberg_cdc_poc.users_partitioned at snapshot 2474899801307623196
2026-03-01T22:16:38,059 [pool-10-thread-2] INFO  org.opensearch.dataprepper.plugins.source.iceberg.worker.ChangelogWorker - Processing initial load partition for table iceberg_cdc_poc.users_partitioned file s3://497197612387-ap-northeast-1-experiment/iceberg-poc/iceberg_cdc_poc.db/users_partitioned/data/region=US/00000-1-c03f6f9d-a525-4dfb-b9f1-04d52125d99e-0-00001.parquet
2026-03-01T22:16:38,122 [pool-10-thread-1] INFO  org.opensearch.dataprepper.plugins.source.iceberg.leader.LeaderScheduler - Created 5 initial load partition(s) for table iceberg_cdc_poc.users_partitioned snapshot 2474899801307623196
2026-03-01T22:16:38,406 [pool-10-thread-2] INFO  org.opensearch.dataprepper.plugins.source.iceberg.worker.ChangelogWorker - Completed initial load partition for table iceberg_cdc_poc.users_partitioned: 1 rows
2026-03-01T22:16:40,418 [pool-10-thread-2] INFO  org.opensearch.dataprepper.plugins.source.iceberg.worker.ChangelogWorker - Processing initial load partition for table iceberg_cdc_poc.users_partitioned file s3://497197612387-ap-northeast-1-experiment/iceberg-poc/iceberg_cdc_poc.db/users_partitioned/data/region=EU/00000-3-9ee783bb-7862-4892-8ae3-58d9b0019e01-0-00001.parquet
2026-03-01T22:16:40,744 [pool-10-thread-2] INFO  org.opensearch.dataprepper.plugins.source.iceberg.worker.ChangelogWorker - Completed initial load partition for table iceberg_cdc_poc.users_partitioned: 1 rows
2026-03-01T22:16:42,756 [pool-10-thread-2] INFO  org.opensearch.dataprepper.plugins.source.iceberg.worker.ChangelogWorker - Processing initial load partition for table iceberg_cdc_poc.users_partitioned file s3://497197612387-ap-northeast-1-experiment/iceberg-poc/iceberg_cdc_poc.db/users_partitioned/data/region=US/00000-3-2b5b7f2a-811b-4134-b7b1-b604dfa74858-0-00001.parquet
2026-03-01T22:16:43,331 [pool-10-thread-2] INFO  org.opensearch.dataprepper.plugins.source.iceberg.worker.ChangelogWorker - Completed initial load partition for table iceberg_cdc_poc.users_partitioned: 1 rows
2026-03-01T22:16:45,366 [pool-10-thread-2] INFO  org.opensearch.dataprepper.plugins.source.iceberg.worker.ChangelogWorker - Processing initial load partition for table iceberg_cdc_poc.users_partitioned file s3://497197612387-ap-northeast-1-experiment/iceberg-poc/iceberg_cdc_poc.db/users_partitioned/data/region=US/00000-3-24d0a4f4-f132-4496-b804-f361cbf83b1b-0-00001.parquet
2026-03-01T22:16:46,035 [pool-10-thread-2] INFO  org.opensearch.dataprepper.plugins.source.iceberg.worker.ChangelogWorker - Completed initial load partition for table iceberg_cdc_poc.users_partitioned: 2 rows
2026-03-01T22:16:48,047 [pool-10-thread-2] INFO  org.opensearch.dataprepper.plugins.source.iceberg.worker.ChangelogWorker - Processing initial load partition for table iceberg_cdc_poc.users_partitioned file s3://497197612387-ap-northeast-1-experiment/iceberg-poc/iceberg_cdc_poc.db/users_partitioned/data/region=US/00000-1-b954eabb-07f2-4952-b880-d2f0e18d4fc7-0-00001.parquet
2026-03-01T22:16:48,709 [pool-10-thread-2] INFO  org.opensearch.dataprepper.plugins.source.iceberg.worker.ChangelogWorker - Completed initial load partition for table iceberg_cdc_poc.users_partitioned: 1 rows
2026-03-01T22:16:50,172 [pool-10-thread-1] INFO  org.opensearch.dataprepper.plugins.source.iceberg.leader.LeaderScheduler - Initial load completed for table iceberg_cdc_poc.users_partitioned at snapshot 2474899801307623196
2026-03-01T22:16:50,174 [pool-10-thread-1] INFO  org.opensearch.dataprepper.plugins.source.iceberg.leader.LeaderScheduler - Leader initialized
2026-03-01T22:16:50,275 [pool-10-thread-1] INFO  org.opensearch.dataprepper.plugins.source.iceberg.leader.LeaderScheduler - Processing 6 snapshot(s) for table iceberg_cdc_poc.users_unpartitioned (2474899801307623196 -> 169772872131975979)
2026-03-01T22:16:50,276 [pool-10-thread-1] INFO  org.opensearch.dataprepper.plugins.source.iceberg.leader.LeaderScheduler - First snapshot 2955839769362414785 for iceberg_cdc_poc.users_unpartitioned, skipping (use initial_load)
2026-03-01T22:16:50,276 [pool-10-thread-1] INFO  org.opensearch.dataprepper.plugins.source.iceberg.leader.LeaderScheduler - Planning snapshot 8513041424852070752 for table iceberg_cdc_poc.users_unpartitioned (operation: overwrite)
2026-03-01T22:16:50,817 [pool-10-thread-1] INFO  org.opensearch.dataprepper.plugins.source.iceberg.leader.TaskGrouper - Planned 1 task group(s) for table iceberg_cdc_poc.users_unpartitioned (snapshot 2955839769362414785 -> 8513041424852070752)
2026-03-01T22:16:50,824 [pool-10-thread-1] INFO  org.opensearch.dataprepper.plugins.source.iceberg.leader.LeaderScheduler - Created 1 partition(s) for snapshot 8513041424852070752, waiting for completion
2026-03-01T22:16:52,764 [pool-10-thread-2] INFO  org.opensearch.dataprepper.plugins.source.iceberg.worker.ChangelogWorker - Processing partition for table iceberg_cdc_poc.users_unpartitioned snapshot 8513041424852070752 with 2 file(s)
2026-03-01T22:16:52,766 [pool-10-thread-2] INFO  org.opensearch.dataprepper.plugins.source.iceberg.worker.ChangelogWorker - Reading file s3://497197612387-ap-northeast-1-experiment/iceberg-poc/iceberg_cdc_poc.db/users_unpartitioned/data/00000-4-842a92a0-c857-48b5-a892-557bdef7c377-0-00001.parquet (type: DELETED, operation: DELETE)
2026-03-01T22:16:53,187 [pool-10-thread-2] INFO  org.opensearch.dataprepper.plugins.source.iceberg.worker.ChangelogWorker - Reading file s3://497197612387-ap-northeast-1-experiment/iceberg-poc/iceberg_cdc_poc.db/users_unpartitioned/data/00000-8-9e514a6d-6f3e-415f-ae16-4b6e4f667be5-0-00001.parquet (type: ADDED, operation: INSERT)
2026-03-01T22:16:53,924 [pool-10-thread-2] INFO  org.opensearch.dataprepper.plugins.source.iceberg.worker.ChangelogWorker - Carryover removal: 8 rows -> 2 rows
2026-03-01T22:16:53,925 [pool-10-thread-2] INFO  org.opensearch.dataprepper.plugins.source.iceberg.worker.ChangelogWorker -   Surviving row: Record(2, Bob, 25) op=DELETE
2026-03-01T22:16:53,925 [pool-10-thread-2] INFO  org.opensearch.dataprepper.plugins.source.iceberg.worker.ChangelogWorker -   Surviving row: Record(2, Bobby, 25) op=INSERT
2026-03-01T22:16:53,929 [pool-10-thread-2] INFO  org.opensearch.dataprepper.plugins.source.iceberg.worker.ChangelogWorker - Writing DELETE event: document_id=2, bulk_action=delete
2026-03-01T22:16:53,930 [pool-10-thread-2] INFO  org.opensearch.dataprepper.plugins.source.iceberg.worker.ChangelogWorker - Writing INSERT event: document_id=2, bulk_action=index
2026-03-01T22:16:53,933 [pool-10-thread-2] INFO  org.opensearch.dataprepper.plugins.source.iceberg.worker.ChangelogWorker - Completed processing partition for table iceberg_cdc_poc.users_unpartitioned snapshot 8513041424852070752: 2 events written
2026-03-01T22:16:54,840 [pool-10-thread-1] INFO  org.opensearch.dataprepper.plugins.source.iceberg.leader.LeaderScheduler - Snapshot 8513041424852070752 completed for table iceberg_cdc_poc.users_unpartitioned
2026-03-01T22:16:54,847 [pool-10-thread-1] INFO  org.opensearch.dataprepper.plugins.source.iceberg.leader.LeaderScheduler - Planning snapshot 2906327858013843654 for table iceberg_cdc_poc.users_unpartitioned (operation: overwrite)
2026-03-01T22:16:55,406 [pool-10-thread-1] INFO  org.opensearch.dataprepper.plugins.source.iceberg.leader.TaskGrouper - Planned 1 task group(s) for table iceberg_cdc_poc.users_unpartitioned (snapshot 8513041424852070752 -> 2906327858013843654)
2026-03-01T22:16:55,413 [pool-10-thread-1] INFO  org.opensearch.dataprepper.plugins.source.iceberg.leader.LeaderScheduler - Created 1 partition(s) for snapshot 2906327858013843654, waiting for completion
2026-03-01T22:16:55,946 [pool-10-thread-2] INFO  org.opensearch.dataprepper.plugins.source.iceberg.worker.ChangelogWorker - Processing partition for table iceberg_cdc_poc.users_unpartitioned snapshot 2906327858013843654 with 2 file(s)
2026-03-01T22:16:55,947 [pool-10-thread-2] INFO  org.opensearch.dataprepper.plugins.source.iceberg.worker.ChangelogWorker - Reading file s3://497197612387-ap-northeast-1-experiment/iceberg-poc/iceberg_cdc_poc.db/users_unpartitioned/data/00000-8-9e514a6d-6f3e-415f-ae16-4b6e4f667be5-0-00001.parquet (type: DELETED, operation: DELETE)
2026-03-01T22:16:56,278 [pool-10-thread-2] INFO  org.opensearch.dataprepper.plugins.source.iceberg.worker.ChangelogWorker - Reading file s3://497197612387-ap-northeast-1-experiment/iceberg-poc/iceberg_cdc_poc.db/users_unpartitioned/data/00000-12-beee58e0-871d-495c-a4a4-c1a850d6babf-0-00001.parquet (type: ADDED, operation: INSERT)
2026-03-01T22:16:56,961 [pool-10-thread-2] INFO  org.opensearch.dataprepper.plugins.source.iceberg.worker.ChangelogWorker - Carryover removal: 7 rows -> 1 rows
2026-03-01T22:16:56,961 [pool-10-thread-2] INFO  org.opensearch.dataprepper.plugins.source.iceberg.worker.ChangelogWorker -   Surviving row: Record(4, Dave, 28) op=DELETE
2026-03-01T22:16:56,962 [pool-10-thread-2] INFO  org.opensearch.dataprepper.plugins.source.iceberg.worker.ChangelogWorker - Writing DELETE event: document_id=4, bulk_action=delete
2026-03-01T22:16:56,962 [pool-10-thread-2] INFO  org.opensearch.dataprepper.plugins.source.iceberg.worker.ChangelogWorker - Completed processing partition for table iceberg_cdc_poc.users_unpartitioned snapshot 2906327858013843654: 1 events written
2026-03-01T22:16:57,420 [pool-10-thread-1] INFO  org.opensearch.dataprepper.plugins.source.iceberg.leader.LeaderScheduler - Snapshot 2906327858013843654 completed for table iceberg_cdc_poc.users_unpartitioned
2026-03-01T22:16:57,420 [pool-10-thread-1] INFO  org.opensearch.dataprepper.plugins.source.iceberg.leader.LeaderScheduler - Planning snapshot 7593519271322808163 for table iceberg_cdc_poc.users_unpartitioned (operation: append)
2026-03-01T22:16:57,823 [pool-10-thread-1] INFO  org.opensearch.dataprepper.plugins.source.iceberg.leader.TaskGrouper - Planned 1 task group(s) for table iceberg_cdc_poc.users_unpartitioned (snapshot 2906327858013843654 -> 7593519271322808163)
2026-03-01T22:16:57,826 [pool-10-thread-1] INFO  org.opensearch.dataprepper.plugins.source.iceberg.leader.LeaderScheduler - Created 1 partition(s) for snapshot 7593519271322808163, waiting for completion
2026-03-01T22:16:58,970 [pool-10-thread-2] INFO  org.opensearch.dataprepper.plugins.source.iceberg.worker.ChangelogWorker - Processing partition for table iceberg_cdc_poc.users_unpartitioned snapshot 7593519271322808163 with 1 file(s)
2026-03-01T22:16:58,971 [pool-10-thread-2] INFO  org.opensearch.dataprepper.plugins.source.iceberg.worker.ChangelogWorker - Reading file s3://497197612387-ap-northeast-1-experiment/iceberg-poc/iceberg_cdc_poc.db/users_unpartitioned/data/00000-0-ee695b4d-3f0c-42d3-9a6f-ca35398250cb-0-00001.parquet (type: ADDED, operation: INSERT)
2026-03-01T22:16:59,489 [pool-10-thread-2] INFO  org.opensearch.dataprepper.plugins.source.iceberg.worker.ChangelogWorker - Writing INSERT event: document_id=50, bulk_action=index
2026-03-01T22:16:59,491 [pool-10-thread-2] INFO  org.opensearch.dataprepper.plugins.source.iceberg.worker.ChangelogWorker - Completed processing partition for table iceberg_cdc_poc.users_unpartitioned snapshot 7593519271322808163: 1 events written
2026-03-01T22:16:59,834 [pool-10-thread-1] INFO  org.opensearch.dataprepper.plugins.source.iceberg.leader.LeaderScheduler - Snapshot 7593519271322808163 completed for table iceberg_cdc_poc.users_unpartitioned
2026-03-01T22:16:59,834 [pool-10-thread-1] INFO  org.opensearch.dataprepper.plugins.source.iceberg.leader.LeaderScheduler - Planning snapshot 2114723167719032760 for table iceberg_cdc_poc.users_unpartitioned (operation: overwrite)
2026-03-01T22:17:00,344 [pool-10-thread-1] INFO  org.opensearch.dataprepper.plugins.source.iceberg.leader.TaskGrouper - Planned 1 task group(s) for table iceberg_cdc_poc.users_unpartitioned (snapshot 7593519271322808163 -> 2114723167719032760)
2026-03-01T22:17:00,349 [pool-10-thread-1] INFO  org.opensearch.dataprepper.plugins.source.iceberg.leader.LeaderScheduler - Created 1 partition(s) for snapshot 2114723167719032760, waiting for completion
2026-03-01T22:17:01,496 [pool-10-thread-2] INFO  org.opensearch.dataprepper.plugins.source.iceberg.worker.ChangelogWorker - Processing partition for table iceberg_cdc_poc.users_unpartitioned snapshot 2114723167719032760 with 2 file(s)
2026-03-01T22:17:01,497 [pool-10-thread-2] INFO  org.opensearch.dataprepper.plugins.source.iceberg.worker.ChangelogWorker - Reading file s3://497197612387-ap-northeast-1-experiment/iceberg-poc/iceberg_cdc_poc.db/users_unpartitioned/data/00000-12-beee58e0-871d-495c-a4a4-c1a850d6babf-0-00001.parquet (type: DELETED, operation: DELETE)
2026-03-01T22:17:01,803 [pool-10-thread-2] INFO  org.opensearch.dataprepper.plugins.source.iceberg.worker.ChangelogWorker - Reading file s3://497197612387-ap-northeast-1-experiment/iceberg-poc/iceberg_cdc_poc.db/users_unpartitioned/data/00000-3-29d2684a-2586-4514-b8f4-9b6fe75378e7-0-00001.parquet (type: ADDED, operation: INSERT)
2026-03-01T22:17:02,419 [pool-10-thread-2] INFO  org.opensearch.dataprepper.plugins.source.iceberg.worker.ChangelogWorker - Carryover removal: 6 rows -> 2 rows
2026-03-01T22:17:02,419 [pool-10-thread-2] INFO  org.opensearch.dataprepper.plugins.source.iceberg.worker.ChangelogWorker -   Surviving row: Record(1, Alice, 30) op=DELETE
2026-03-01T22:17:02,419 [pool-10-thread-2] INFO  org.opensearch.dataprepper.plugins.source.iceberg.worker.ChangelogWorker -   Surviving row: Record(1, AliceUpdated, 30) op=INSERT
2026-03-01T22:17:02,420 [pool-10-thread-2] INFO  org.opensearch.dataprepper.plugins.source.iceberg.worker.ChangelogWorker - Writing DELETE event: document_id=1, bulk_action=delete
2026-03-01T22:17:02,420 [pool-10-thread-2] INFO  org.opensearch.dataprepper.plugins.source.iceberg.worker.ChangelogWorker - Writing INSERT event: document_id=1, bulk_action=index
2026-03-01T22:17:02,421 [pool-10-thread-2] INFO  org.opensearch.dataprepper.plugins.source.iceberg.worker.ChangelogWorker - Completed processing partition for table iceberg_cdc_poc.users_unpartitioned snapshot 2114723167719032760: 2 events written
2026-03-01T22:17:04,362 [pool-10-thread-1] INFO  org.opensearch.dataprepper.plugins.source.iceberg.leader.LeaderScheduler - Snapshot 2114723167719032760 completed for table iceberg_cdc_poc.users_unpartitioned
2026-03-01T22:17:04,369 [pool-10-thread-1] INFO  org.opensearch.dataprepper.plugins.source.iceberg.leader.LeaderScheduler - Planning snapshot 169772872131975979 for table iceberg_cdc_poc.users_unpartitioned (operation: delete)
2026-03-01T22:17:04,637 [pool-10-thread-1] INFO  org.opensearch.dataprepper.plugins.source.iceberg.leader.TaskGrouper - Planned 1 task group(s) for table iceberg_cdc_poc.users_unpartitioned (snapshot 2114723167719032760 -> 169772872131975979)
2026-03-01T22:17:04,645 [pool-10-thread-1] INFO  org.opensearch.dataprepper.plugins.source.iceberg.leader.LeaderScheduler - Created 1 partition(s) for snapshot 169772872131975979, waiting for completion
2026-03-01T22:17:06,446 [pool-10-thread-2] INFO  org.opensearch.dataprepper.plugins.source.iceberg.worker.ChangelogWorker - Processing partition for table iceberg_cdc_poc.users_unpartitioned snapshot 169772872131975979 with 1 file(s)
2026-03-01T22:17:06,449 [pool-10-thread-2] INFO  org.opensearch.dataprepper.plugins.source.iceberg.worker.ChangelogWorker - Reading file s3://497197612387-ap-northeast-1-experiment/iceberg-poc/iceberg_cdc_poc.db/users_unpartitioned/data/00000-0-ee695b4d-3f0c-42d3-9a6f-ca35398250cb-0-00001.parquet (type: DELETED, operation: DELETE)
2026-03-01T22:17:06,960 [pool-10-thread-2] INFO  org.opensearch.dataprepper.plugins.source.iceberg.worker.ChangelogWorker - Carryover removal: 1 rows -> 1 rows
2026-03-01T22:17:06,961 [pool-10-thread-2] INFO  org.opensearch.dataprepper.plugins.source.iceberg.worker.ChangelogWorker -   Surviving row: Record(50, UnpartNew, 99) op=DELETE
2026-03-01T22:17:06,963 [pool-10-thread-2] INFO  org.opensearch.dataprepper.plugins.source.iceberg.worker.ChangelogWorker - Writing DELETE event: document_id=50, bulk_action=delete
2026-03-01T22:17:06,964 [pool-10-thread-2] INFO  org.opensearch.dataprepper.plugins.source.iceberg.worker.ChangelogWorker - Completed processing partition for table iceberg_cdc_poc.users_unpartitioned snapshot 169772872131975979: 1 events written
2026-03-01T22:17:08,664 [pool-10-thread-1] INFO  org.opensearch.dataprepper.plugins.source.iceberg.leader.LeaderScheduler - Snapshot 169772872131975979 completed for table iceberg_cdc_poc.users_unpartitioned
2026-03-01T22:17:08,827 [pool-10-thread-1] INFO  org.opensearch.dataprepper.plugins.source.iceberg.leader.LeaderScheduler - Processing 10 snapshot(s) for table iceberg_cdc_poc.users_partitioned (169772872131975979 -> 2474899801307623196)
2026-03-01T22:17:08,827 [pool-10-thread-1] INFO  org.opensearch.dataprepper.plugins.source.iceberg.leader.LeaderScheduler - First snapshot 2550885236401724800 for iceberg_cdc_poc.users_partitioned, skipping (use initial_load)
2026-03-01T22:17:08,827 [pool-10-thread-1] INFO  org.opensearch.dataprepper.plugins.source.iceberg.leader.LeaderScheduler - Planning snapshot 4044186543745569004 for table iceberg_cdc_poc.users_partitioned (operation: overwrite)
2026-03-01T22:17:09,267 [pool-10-thread-1] INFO  org.opensearch.dataprepper.plugins.source.iceberg.leader.TaskGrouper - Planned 1 task group(s) for table iceberg_cdc_poc.users_partitioned (snapshot 2550885236401724800 -> 4044186543745569004)
2026-03-01T22:17:09,268 [pool-10-thread-1] INFO  org.opensearch.dataprepper.plugins.source.iceberg.leader.LeaderScheduler - Created 1 partition(s) for snapshot 4044186543745569004, waiting for completion
2026-03-01T22:17:10,971 [pool-10-thread-2] INFO  org.opensearch.dataprepper.plugins.source.iceberg.worker.ChangelogWorker - Processing partition for table iceberg_cdc_poc.users_partitioned snapshot 4044186543745569004 with 2 file(s)
2026-03-01T22:17:10,972 [pool-10-thread-2] INFO  org.opensearch.dataprepper.plugins.source.iceberg.worker.ChangelogWorker - Reading file s3://497197612387-ap-northeast-1-experiment/iceberg-poc/iceberg_cdc_poc.db/users_partitioned/data/region=US/00000-4-50921882-e219-49a9-96a4-ed108523d449-0-00002.parquet (type: DELETED, operation: DELETE)
2026-03-01T22:17:11,326 [pool-10-thread-2] INFO  org.opensearch.dataprepper.plugins.source.iceberg.worker.ChangelogWorker - Reading file s3://497197612387-ap-northeast-1-experiment/iceberg-poc/iceberg_cdc_poc.db/users_partitioned/data/region=US/00000-8-24e1f71c-bab0-4743-9f0a-acac6721d1ca-0-00001.parquet (type: ADDED, operation: INSERT)
2026-03-01T22:17:11,973 [pool-10-thread-2] INFO  org.opensearch.dataprepper.plugins.source.iceberg.worker.ChangelogWorker - Carryover removal: 4 rows -> 2 rows
2026-03-01T22:17:11,973 [pool-10-thread-2] INFO  org.opensearch.dataprepper.plugins.source.iceberg.worker.ChangelogWorker -   Surviving row: Record(2, Bob, US, 25, null) op=DELETE
2026-03-01T22:17:11,977 [pool-10-thread-2] INFO  org.opensearch.dataprepper.plugins.source.iceberg.worker.ChangelogWorker -   Surviving row: Record(2, Bobby, US, 25, null) op=INSERT
2026-03-01T22:17:11,984 [pool-10-thread-2] INFO  org.opensearch.dataprepper.plugins.source.iceberg.worker.ChangelogWorker - Writing DELETE event: document_id=2, bulk_action=delete
2026-03-01T22:17:11,988 [pool-10-thread-2] INFO  org.opensearch.dataprepper.plugins.source.iceberg.worker.ChangelogWorker - Writing INSERT event: document_id=2, bulk_action=index
2026-03-01T22:17:11,995 [pool-10-thread-2] INFO  org.opensearch.dataprepper.plugins.source.iceberg.worker.ChangelogWorker - Completed processing partition for table iceberg_cdc_poc.users_partitioned snapshot 4044186543745569004: 2 events written
2026-03-01T22:17:13,282 [pool-10-thread-1] INFO  org.opensearch.dataprepper.plugins.source.iceberg.leader.LeaderScheduler - Snapshot 4044186543745569004 completed for table iceberg_cdc_poc.users_partitioned
2026-03-01T22:17:13,283 [pool-10-thread-1] INFO  org.opensearch.dataprepper.plugins.source.iceberg.leader.LeaderScheduler - Planning snapshot 8587536999313189654 for table iceberg_cdc_poc.users_partitioned (operation: overwrite)
2026-03-01T22:17:13,759 [pool-10-thread-1] INFO  org.opensearch.dataprepper.plugins.source.iceberg.leader.TaskGrouper - Planned 1 task group(s) for table iceberg_cdc_poc.users_partitioned (snapshot 4044186543745569004 -> 8587536999313189654)
2026-03-01T22:17:13,760 [pool-10-thread-1] INFO  org.opensearch.dataprepper.plugins.source.iceberg.leader.LeaderScheduler - Created 1 partition(s) for snapshot 8587536999313189654, waiting for completion
2026-03-01T22:17:13,999 [pool-10-thread-2] INFO  org.opensearch.dataprepper.plugins.source.iceberg.worker.ChangelogWorker - Processing partition for table iceberg_cdc_poc.users_partitioned snapshot 8587536999313189654 with 2 file(s)
2026-03-01T22:17:14,000 [pool-10-thread-2] INFO  org.opensearch.dataprepper.plugins.source.iceberg.worker.ChangelogWorker - Reading file s3://497197612387-ap-northeast-1-experiment/iceberg-poc/iceberg_cdc_poc.db/users_partitioned/data/region=EU/00000-4-50921882-e219-49a9-96a4-ed108523d449-0-00001.parquet (type: DELETED, operation: DELETE)
2026-03-01T22:17:14,436 [pool-10-thread-2] INFO  org.opensearch.dataprepper.plugins.source.iceberg.worker.ChangelogWorker - Reading file s3://497197612387-ap-northeast-1-experiment/iceberg-poc/iceberg_cdc_poc.db/users_partitioned/data/region=EU/00000-12-defd8fbc-01ad-4ba4-9427-1ec74c4c06ed-0-00001.parquet (type: ADDED, operation: INSERT)
2026-03-01T22:17:15,020 [pool-10-thread-2] INFO  org.opensearch.dataprepper.plugins.source.iceberg.worker.ChangelogWorker - Carryover removal: 3 rows -> 1 rows
2026-03-01T22:17:15,020 [pool-10-thread-2] INFO  org.opensearch.dataprepper.plugins.source.iceberg.worker.ChangelogWorker -   Surviving row: Record(4, Dave, EU, 28, null) op=DELETE
2026-03-01T22:17:15,020 [pool-10-thread-2] INFO  org.opensearch.dataprepper.plugins.source.iceberg.worker.ChangelogWorker - Writing DELETE event: document_id=4, bulk_action=delete
2026-03-01T22:17:15,021 [pool-10-thread-2] INFO  org.opensearch.dataprepper.plugins.source.iceberg.worker.ChangelogWorker - Completed processing partition for table iceberg_cdc_poc.users_partitioned snapshot 8587536999313189654: 1 events written
2026-03-01T22:17:15,767 [pool-10-thread-1] INFO  org.opensearch.dataprepper.plugins.source.iceberg.leader.LeaderScheduler - Snapshot 8587536999313189654 completed for table iceberg_cdc_poc.users_partitioned
2026-03-01T22:17:15,768 [pool-10-thread-1] INFO  org.opensearch.dataprepper.plugins.source.iceberg.leader.LeaderScheduler - Planning snapshot 4248485031016593412 for table iceberg_cdc_poc.users_partitioned (operation: append)
2026-03-01T22:17:16,228 [pool-10-thread-1] INFO  org.opensearch.dataprepper.plugins.source.iceberg.leader.TaskGrouper - Planned 2 task group(s) for table iceberg_cdc_poc.users_partitioned (snapshot 8587536999313189654 -> 4248485031016593412)
2026-03-01T22:17:16,229 [pool-10-thread-1] INFO  org.opensearch.dataprepper.plugins.source.iceberg.leader.LeaderScheduler - Created 2 partition(s) for snapshot 4248485031016593412, waiting for completion
2026-03-01T22:17:17,031 [pool-10-thread-2] INFO  org.opensearch.dataprepper.plugins.source.iceberg.worker.ChangelogWorker - Processing partition for table iceberg_cdc_poc.users_partitioned snapshot 4248485031016593412 with 1 file(s)
2026-03-01T22:17:17,032 [pool-10-thread-2] INFO  org.opensearch.dataprepper.plugins.source.iceberg.worker.ChangelogWorker - Reading file s3://497197612387-ap-northeast-1-experiment/iceberg-poc/iceberg_cdc_poc.db/users_partitioned/data/region=EU/00000-2-b5fc4df7-4e83-492d-ac8a-ce76e909386d-0-00001.parquet (type: ADDED, operation: INSERT)
2026-03-01T22:17:17,559 [pool-10-thread-2] INFO  org.opensearch.dataprepper.plugins.source.iceberg.worker.ChangelogWorker - Writing INSERT event: document_id=11, bulk_action=index
2026-03-01T22:17:17,560 [pool-10-thread-2] INFO  org.opensearch.dataprepper.plugins.source.iceberg.worker.ChangelogWorker - Completed processing partition for table iceberg_cdc_poc.users_partitioned snapshot 4248485031016593412: 1 events written
2026-03-01T22:17:19,578 [pool-10-thread-2] INFO  org.opensearch.dataprepper.plugins.source.iceberg.worker.ChangelogWorker - Processing partition for table iceberg_cdc_poc.users_partitioned snapshot 4248485031016593412 with 1 file(s)
2026-03-01T22:17:19,587 [pool-10-thread-2] INFO  org.opensearch.dataprepper.plugins.source.iceberg.worker.ChangelogWorker - Reading file s3://497197612387-ap-northeast-1-experiment/iceberg-poc/iceberg_cdc_poc.db/users_partitioned/data/region=US/00000-2-b5fc4df7-4e83-492d-ac8a-ce76e909386d-0-00002.parquet (type: ADDED, operation: INSERT)
2026-03-01T22:17:20,238 [pool-10-thread-2] INFO  org.opensearch.dataprepper.plugins.source.iceberg.worker.ChangelogWorker - Writing INSERT event: document_id=10, bulk_action=index
2026-03-01T22:17:20,240 [pool-10-thread-2] INFO  org.opensearch.dataprepper.plugins.source.iceberg.worker.ChangelogWorker - Completed processing partition for table iceberg_cdc_poc.users_partitioned snapshot 4248485031016593412: 1 events written
2026-03-01T22:17:20,242 [pool-10-thread-1] INFO  org.opensearch.dataprepper.plugins.source.iceberg.leader.LeaderScheduler - Snapshot 4248485031016593412 completed for table iceberg_cdc_poc.users_partitioned
2026-03-01T22:17:20,243 [pool-10-thread-1] INFO  org.opensearch.dataprepper.plugins.source.iceberg.leader.LeaderScheduler - Planning snapshot 4326849659971982973 for table iceberg_cdc_poc.users_partitioned (operation: overwrite)
2026-03-01T22:17:20,894 [pool-10-thread-1] INFO  org.opensearch.dataprepper.plugins.source.iceberg.leader.TaskGrouper - Planned 1 task group(s) for table iceberg_cdc_poc.users_partitioned (snapshot 4248485031016593412 -> 4326849659971982973)
2026-03-01T22:17:20,895 [pool-10-thread-1] INFO  org.opensearch.dataprepper.plugins.source.iceberg.leader.LeaderScheduler - Created 1 partition(s) for snapshot 4326849659971982973, waiting for completion
2026-03-01T22:17:22,253 [pool-10-thread-2] INFO  org.opensearch.dataprepper.plugins.source.iceberg.worker.ChangelogWorker - Processing partition for table iceberg_cdc_poc.users_partitioned snapshot 4326849659971982973 with 2 file(s)
2026-03-01T22:17:22,257 [pool-10-thread-2] INFO  org.opensearch.dataprepper.plugins.source.iceberg.worker.ChangelogWorker - Reading file s3://497197612387-ap-northeast-1-experiment/iceberg-poc/iceberg_cdc_poc.db/users_partitioned/data/region=US/00000-2-b5fc4df7-4e83-492d-ac8a-ce76e909386d-0-00002.parquet (type: DELETED, operation: DELETE)
2026-03-01T22:17:22,562 [pool-10-thread-2] INFO  org.opensearch.dataprepper.plugins.source.iceberg.worker.ChangelogWorker - Reading file s3://497197612387-ap-northeast-1-experiment/iceberg-poc/iceberg_cdc_poc.db/users_partitioned/data/region=US/00000-3-2b5b7f2a-811b-4134-b7b1-b604dfa74858-0-00001.parquet (type: ADDED, operation: INSERT)
2026-03-01T22:17:23,207 [pool-10-thread-2] INFO  org.opensearch.dataprepper.plugins.source.iceberg.worker.ChangelogWorker - Carryover removal: 2 rows -> 2 rows
2026-03-01T22:17:23,208 [pool-10-thread-2] INFO  org.opensearch.dataprepper.plugins.source.iceberg.worker.ChangelogWorker -   Surviving row: Record(10, NewUser1, US, 40, null) op=DELETE
2026-03-01T22:17:23,212 [pool-10-thread-2] INFO  org.opensearch.dataprepper.plugins.source.iceberg.worker.ChangelogWorker -   Surviving row: Record(10, UpdatedUser1, US, 40, null) op=INSERT
2026-03-01T22:17:23,215 [pool-10-thread-2] INFO  org.opensearch.dataprepper.plugins.source.iceberg.worker.ChangelogWorker - Writing DELETE event: document_id=10, bulk_action=delete
2026-03-01T22:17:23,218 [pool-10-thread-2] INFO  org.opensearch.dataprepper.plugins.source.iceberg.worker.ChangelogWorker - Writing INSERT event: document_id=10, bulk_action=index
2026-03-01T22:17:23,219 [pool-10-thread-2] INFO  org.opensearch.dataprepper.plugins.source.iceberg.worker.ChangelogWorker - Completed processing partition for table iceberg_cdc_poc.users_partitioned snapshot 4326849659971982973: 2 events written
2026-03-01T22:17:24,914 [pool-10-thread-1] INFO  org.opensearch.dataprepper.plugins.source.iceberg.leader.LeaderScheduler - Snapshot 4326849659971982973 completed for table iceberg_cdc_poc.users_partitioned
2026-03-01T22:17:24,919 [pool-10-thread-1] INFO  org.opensearch.dataprepper.plugins.source.iceberg.leader.LeaderScheduler - Planning snapshot 7522198115762695634 for table iceberg_cdc_poc.users_partitioned (operation: delete)
2026-03-01T22:17:25,370 [pool-10-thread-1] INFO  org.opensearch.dataprepper.plugins.source.iceberg.leader.TaskGrouper - Planned 1 task group(s) for table iceberg_cdc_poc.users_partitioned (snapshot 4326849659971982973 -> 7522198115762695634)
2026-03-01T22:17:25,371 [pool-10-thread-1] INFO  org.opensearch.dataprepper.plugins.source.iceberg.leader.LeaderScheduler - Created 1 partition(s) for snapshot 7522198115762695634, waiting for completion
2026-03-01T22:17:27,227 [pool-10-thread-2] INFO  org.opensearch.dataprepper.plugins.source.iceberg.worker.ChangelogWorker - Processing partition for table iceberg_cdc_poc.users_partitioned snapshot 7522198115762695634 with 1 file(s)
2026-03-01T22:17:27,228 [pool-10-thread-2] INFO  org.opensearch.dataprepper.plugins.source.iceberg.worker.ChangelogWorker - Reading file s3://497197612387-ap-northeast-1-experiment/iceberg-poc/iceberg_cdc_poc.db/users_partitioned/data/region=EU/00000-2-b5fc4df7-4e83-492d-ac8a-ce76e909386d-0-00001.parquet (type: DELETED, operation: DELETE)
2026-03-01T22:17:27,736 [pool-10-thread-2] INFO  org.opensearch.dataprepper.plugins.source.iceberg.worker.ChangelogWorker - Carryover removal: 1 rows -> 1 rows
2026-03-01T22:17:27,736 [pool-10-thread-2] INFO  org.opensearch.dataprepper.plugins.source.iceberg.worker.ChangelogWorker -   Surviving row: Record(11, NewUser2, EU, 35, null) op=DELETE
2026-03-01T22:17:27,736 [pool-10-thread-2] INFO  org.opensearch.dataprepper.plugins.source.iceberg.worker.ChangelogWorker - Writing DELETE event: document_id=11, bulk_action=delete
2026-03-01T22:17:27,737 [pool-10-thread-2] INFO  org.opensearch.dataprepper.plugins.source.iceberg.worker.ChangelogWorker - Completed processing partition for table iceberg_cdc_poc.users_partitioned snapshot 7522198115762695634: 1 events written
2026-03-01T22:17:29,398 [pool-10-thread-1] INFO  org.opensearch.dataprepper.plugins.source.iceberg.leader.LeaderScheduler - Snapshot 7522198115762695634 completed for table iceberg_cdc_poc.users_partitioned
2026-03-01T22:17:29,399 [pool-10-thread-1] INFO  org.opensearch.dataprepper.plugins.source.iceberg.leader.LeaderScheduler - Planning snapshot 6902158316966586080 for table iceberg_cdc_poc.users_partitioned (operation: append)
2026-03-01T22:17:29,814 [pool-10-thread-1] INFO  org.opensearch.dataprepper.plugins.source.iceberg.leader.TaskGrouper - Planned 1 task group(s) for table iceberg_cdc_poc.users_partitioned (snapshot 7522198115762695634 -> 6902158316966586080)
2026-03-01T22:17:29,816 [pool-10-thread-1] INFO  org.opensearch.dataprepper.plugins.source.iceberg.leader.LeaderScheduler - Created 1 partition(s) for snapshot 6902158316966586080, waiting for completion
2026-03-01T22:17:31,744 [pool-10-thread-2] INFO  org.opensearch.dataprepper.plugins.source.iceberg.worker.ChangelogWorker - Processing partition for table iceberg_cdc_poc.users_partitioned snapshot 6902158316966586080 with 1 file(s)
2026-03-01T22:17:31,745 [pool-10-thread-2] INFO  org.opensearch.dataprepper.plugins.source.iceberg.worker.ChangelogWorker - Reading file s3://497197612387-ap-northeast-1-experiment/iceberg-poc/iceberg_cdc_poc.db/users_partitioned/data/region=US/00000-1-b954eabb-07f2-4952-b880-d2f0e18d4fc7-0-00001.parquet (type: ADDED, operation: INSERT)
2026-03-01T22:17:32,222 [pool-10-thread-2] INFO  org.opensearch.dataprepper.plugins.source.iceberg.worker.ChangelogWorker - Writing INSERT event: document_id=20, bulk_action=index
2026-03-01T22:17:32,223 [pool-10-thread-2] INFO  org.opensearch.dataprepper.plugins.source.iceberg.worker.ChangelogWorker - Completed processing partition for table iceberg_cdc_poc.users_partitioned snapshot 6902158316966586080: 1 events written
2026-03-01T22:17:33,838 [pool-10-thread-1] INFO  org.opensearch.dataprepper.plugins.source.iceberg.leader.LeaderScheduler - Snapshot 6902158316966586080 completed for table iceberg_cdc_poc.users_partitioned
2026-03-01T22:17:33,841 [pool-10-thread-1] INFO  org.opensearch.dataprepper.plugins.source.iceberg.leader.LeaderScheduler - Planning snapshot 5588176263940483711 for table iceberg_cdc_poc.users_partitioned (operation: overwrite)
2026-03-01T22:17:34,559 [pool-10-thread-1] INFO  org.opensearch.dataprepper.plugins.source.iceberg.leader.TaskGrouper - Planned 1 task group(s) for table iceberg_cdc_poc.users_partitioned (snapshot 6902158316966586080 -> 5588176263940483711)
2026-03-01T22:17:34,560 [pool-10-thread-1] INFO  org.opensearch.dataprepper.plugins.source.iceberg.leader.LeaderScheduler - Created 1 partition(s) for snapshot 5588176263940483711, waiting for completion
2026-03-01T22:17:36,238 [pool-10-thread-2] INFO  org.opensearch.dataprepper.plugins.source.iceberg.worker.ChangelogWorker - Processing partition for table iceberg_cdc_poc.users_partitioned snapshot 5588176263940483711 with 2 file(s)
2026-03-01T22:17:36,239 [pool-10-thread-2] INFO  org.opensearch.dataprepper.plugins.source.iceberg.worker.ChangelogWorker - Reading file s3://497197612387-ap-northeast-1-experiment/iceberg-poc/iceberg_cdc_poc.db/users_partitioned/data/region=US/00000-8-24e1f71c-bab0-4743-9f0a-acac6721d1ca-0-00001.parquet (type: DELETED, operation: DELETE)
2026-03-01T22:17:36,652 [pool-10-thread-2] INFO  org.opensearch.dataprepper.plugins.source.iceberg.worker.ChangelogWorker - Reading file s3://497197612387-ap-northeast-1-experiment/iceberg-poc/iceberg_cdc_poc.db/users_partitioned/data/region=US/00000-3-24d0a4f4-f132-4496-b804-f361cbf83b1b-0-00001.parquet (type: ADDED, operation: INSERT)
2026-03-01T22:17:37,234 [pool-10-thread-2] INFO  org.opensearch.dataprepper.plugins.source.iceberg.worker.ChangelogWorker - Carryover removal: 4 rows -> 2 rows
2026-03-01T22:17:37,235 [pool-10-thread-2] INFO  org.opensearch.dataprepper.plugins.source.iceberg.worker.ChangelogWorker -   Surviving row: Record(1, Alice, US, 30, null) op=DELETE
2026-03-01T22:17:37,235 [pool-10-thread-2] INFO  org.opensearch.dataprepper.plugins.source.iceberg.worker.ChangelogWorker -   Surviving row: Record(1, Alice_Updated, US, 30, null) op=INSERT
2026-03-01T22:17:37,236 [pool-10-thread-2] INFO  org.opensearch.dataprepper.plugins.source.iceberg.worker.ChangelogWorker - Writing DELETE event: document_id=1, bulk_action=delete
2026-03-01T22:17:37,236 [pool-10-thread-2] INFO  org.opensearch.dataprepper.plugins.source.iceberg.worker.ChangelogWorker - Writing INSERT event: document_id=1, bulk_action=index
2026-03-01T22:17:37,238 [pool-10-thread-2] INFO  org.opensearch.dataprepper.plugins.source.iceberg.worker.ChangelogWorker - Completed processing partition for table iceberg_cdc_poc.users_partitioned snapshot 5588176263940483711: 2 events written
2026-03-01T22:17:38,571 [pool-10-thread-1] INFO  org.opensearch.dataprepper.plugins.source.iceberg.leader.LeaderScheduler - Snapshot 5588176263940483711 completed for table iceberg_cdc_poc.users_partitioned
2026-03-01T22:17:38,571 [pool-10-thread-1] INFO  org.opensearch.dataprepper.plugins.source.iceberg.leader.LeaderScheduler - Planning snapshot 5619755732010730878 for table iceberg_cdc_poc.users_partitioned (operation: append)
2026-03-01T22:17:38,977 [pool-10-thread-1] INFO  org.opensearch.dataprepper.plugins.source.iceberg.leader.TaskGrouper - Planned 1 task group(s) for table iceberg_cdc_poc.users_partitioned (snapshot 5588176263940483711 -> 5619755732010730878)
2026-03-01T22:17:38,979 [pool-10-thread-1] INFO  org.opensearch.dataprepper.plugins.source.iceberg.leader.LeaderScheduler - Created 1 partition(s) for snapshot 5619755732010730878, waiting for completion
2026-03-01T22:17:39,245 [pool-10-thread-2] INFO  org.opensearch.dataprepper.plugins.source.iceberg.worker.ChangelogWorker - Processing partition for table iceberg_cdc_poc.users_partitioned snapshot 5619755732010730878 with 1 file(s)
2026-03-01T22:17:39,246 [pool-10-thread-2] INFO  org.opensearch.dataprepper.plugins.source.iceberg.worker.ChangelogWorker - Reading file s3://497197612387-ap-northeast-1-experiment/iceberg-poc/iceberg_cdc_poc.db/users_partitioned/data/region=US/00000-1-c03f6f9d-a525-4dfb-b9f1-04d52125d99e-0-00001.parquet (type: ADDED, operation: INSERT)
2026-03-01T22:17:39,759 [pool-10-thread-2] INFO  org.opensearch.dataprepper.plugins.source.iceberg.worker.ChangelogWorker - Writing INSERT event: document_id=30, bulk_action=index
2026-03-01T22:17:39,760 [pool-10-thread-2] INFO  org.opensearch.dataprepper.plugins.source.iceberg.worker.ChangelogWorker - Completed processing partition for table iceberg_cdc_poc.users_partitioned snapshot 5619755732010730878: 1 events written
2026-03-01T22:17:39,822 [iceberg-cdc-pipeline-sink-worker-2-thread-1] INFO  org.opensearch.dataprepper.plugins.sink.opensearch.ConnectionConfiguration - Using the username provided in the config.
2026-03-01T22:17:39,823 [iceberg-cdc-pipeline-sink-worker-2-thread-1] INFO  org.opensearch.dataprepper.plugins.sink.opensearch.ConnectionConfiguration - Using the trust all strategy
2026-03-01T22:17:40,986 [pool-10-thread-1] INFO  org.opensearch.dataprepper.plugins.source.iceberg.leader.LeaderScheduler - Snapshot 5619755732010730878 completed for table iceberg_cdc_poc.users_partitioned
2026-03-01T22:17:40,987 [pool-10-thread-1] INFO  org.opensearch.dataprepper.plugins.source.iceberg.leader.LeaderScheduler - Planning snapshot 2474899801307623196 for table iceberg_cdc_poc.users_partitioned (operation: overwrite)
2026-03-01T22:17:41,167 [pool-10-thread-1] INFO  org.opensearch.dataprepper.plugins.source.iceberg.leader.TaskGrouper - Planned 1 task group(s) for table iceberg_cdc_poc.users_partitioned (snapshot 5619755732010730878 -> 2474899801307623196)
2026-03-01T22:17:41,167 [pool-10-thread-1] INFO  org.opensearch.dataprepper.plugins.source.iceberg.leader.LeaderScheduler - Created 1 partition(s) for snapshot 2474899801307623196, waiting for completion
2026-03-01T22:17:41,776 [pool-10-thread-2] INFO  org.opensearch.dataprepper.plugins.source.iceberg.worker.ChangelogWorker - Processing partition for table iceberg_cdc_poc.users_partitioned snapshot 2474899801307623196 with 2 file(s)
2026-03-01T22:17:41,777 [pool-10-thread-2] INFO  org.opensearch.dataprepper.plugins.source.iceberg.worker.ChangelogWorker - Reading file s3://497197612387-ap-northeast-1-experiment/iceberg-poc/iceberg_cdc_poc.db/users_partitioned/data/region=EU/00000-12-defd8fbc-01ad-4ba4-9427-1ec74c4c06ed-0-00001.parquet (type: DELETED, operation: DELETE)
2026-03-01T22:17:42,167 [pool-10-thread-2] INFO  org.opensearch.dataprepper.plugins.source.iceberg.worker.ChangelogWorker - Reading file s3://497197612387-ap-northeast-1-experiment/iceberg-poc/iceberg_cdc_poc.db/users_partitioned/data/region=EU/00000-3-9ee783bb-7862-4892-8ae3-58d9b0019e01-0-00001.parquet (type: ADDED, operation: INSERT)
2026-03-01T22:17:42,720 [pool-10-thread-2] INFO  org.opensearch.dataprepper.plugins.source.iceberg.worker.ChangelogWorker - Carryover removal: 2 rows -> 2 rows
2026-03-01T22:17:42,721 [pool-10-thread-2] INFO  org.opensearch.dataprepper.plugins.source.iceberg.worker.ChangelogWorker -   Surviving row: Record(3, Carol, EU, 35, null) op=DELETE
2026-03-01T22:17:42,721 [pool-10-thread-2] INFO  org.opensearch.dataprepper.plugins.source.iceberg.worker.ChangelogWorker -   Surviving row: Record(3, Carol, EU, 35, carol@example.com) op=INSERT
2026-03-01T22:17:42,727 [pool-10-thread-2] INFO  org.opensearch.dataprepper.plugins.source.iceberg.worker.ChangelogWorker - Writing DELETE event: document_id=3, bulk_action=delete
2026-03-01T22:17:42,728 [pool-10-thread-2] INFO  org.opensearch.dataprepper.plugins.source.iceberg.worker.ChangelogWorker - Writing INSERT event: document_id=3, bulk_action=index
2026-03-01T22:17:42,732 [pool-10-thread-2] INFO  org.opensearch.dataprepper.plugins.source.iceberg.worker.ChangelogWorker - Completed processing partition for table iceberg_cdc_poc.users_partitioned snapshot 2474899801307623196: 2 events written
2026-03-01T22:17:43,174 [pool-10-thread-1] INFO  org.opensearch.dataprepper.plugins.source.iceberg.leader.LeaderScheduler - Snapshot 2474899801307623196 completed for table iceberg_cdc_poc.users_partitioned
2026-03-01T22:17:53,279 [pool-10-thread-1] INFO  org.opensearch.dataprepper.plugins.source.iceberg.leader.LeaderScheduler - Processing 6 snapshot(s) for table iceberg_cdc_poc.users_unpartitioned (2474899801307623196 -> 169772872131975979)
2026-03-01T22:17:53,280 [pool-10-thread-1] INFO  org.opensearch.dataprepper.plugins.source.iceberg.leader.LeaderScheduler - First snapshot 2955839769362414785 for iceberg_cdc_poc.users_unpartitioned, skipping (use initial_load)
2026-03-01T22:17:53,280 [pool-10-thread-1] INFO  org.opensearch.dataprepper.plugins.source.iceberg.leader.LeaderScheduler - Planning snapshot 8513041424852070752 for table iceberg_cdc_poc.users_unpartitioned (operation: overwrite)
2026-03-01T22:17:53,504 [pool-10-thread-1] INFO  org.opensearch.dataprepper.plugins.source.iceberg.leader.TaskGrouper - Planned 1 task group(s) for table iceberg_cdc_poc.users_unpartitioned (snapshot 2955839769362414785 -> 8513041424852070752)
2026-03-01T22:17:53,505 [pool-10-thread-1] INFO  org.opensearch.dataprepper.plugins.source.iceberg.leader.LeaderScheduler - Created 1 partition(s) for snapshot 8513041424852070752, waiting for completion
2026-03-01T22:17:53,507 [pool-10-thread-1] INFO  org.opensearch.dataprepper.plugins.source.iceberg.leader.LeaderScheduler - Snapshot 8513041424852070752 completed for table iceberg_cdc_poc.users_unpartitioned
2026-03-01T22:17:53,507 [pool-10-thread-1] INFO  org.opensearch.dataprepper.plugins.source.iceberg.leader.LeaderScheduler - Planning snapshot 2906327858013843654 for table iceberg_cdc_poc.users_unpartitioned (operation: overwrite)
2026-03-01T22:17:53,686 [pool-10-thread-1] INFO  org.opensearch.dataprepper.plugins.source.iceberg.leader.TaskGrouper - Planned 1 task group(s) for table iceberg_cdc_poc.users_unpartitioned (snapshot 8513041424852070752 -> 2906327858013843654)
2026-03-01T22:17:53,688 [pool-10-thread-1] INFO  org.opensearch.dataprepper.plugins.source.iceberg.leader.LeaderScheduler - Created 1 partition(s) for snapshot 2906327858013843654, waiting for completion
2026-03-01T22:17:53,688 [pool-10-thread-1] INFO  org.opensearch.dataprepper.plugins.source.iceberg.leader.LeaderScheduler - Snapshot 2906327858013843654 completed for table iceberg_cdc_poc.users_unpartitioned
2026-03-01T22:17:53,688 [pool-10-thread-1] INFO  org.opensearch.dataprepper.plugins.source.iceberg.leader.LeaderScheduler - Planning snapshot 7593519271322808163 for table iceberg_cdc_poc.users_unpartitioned (operation: append)
2026-03-01T22:17:53,747 [pool-10-thread-1] INFO  org.opensearch.dataprepper.plugins.source.iceberg.leader.TaskGrouper - Planned 1 task group(s) for table iceberg_cdc_poc.users_unpartitioned (snapshot 2906327858013843654 -> 7593519271322808163)
2026-03-01T22:17:53,748 [pool-10-thread-1] INFO  org.opensearch.dataprepper.plugins.source.iceberg.leader.LeaderScheduler - Created 1 partition(s) for snapshot 7593519271322808163, waiting for completion
2026-03-01T22:17:53,748 [pool-10-thread-1] INFO  org.opensearch.dataprepper.plugins.source.iceberg.leader.LeaderScheduler - Snapshot 7593519271322808163 completed for table iceberg_cdc_poc.users_unpartitioned
2026-03-01T22:17:53,748 [pool-10-thread-1] INFO  org.opensearch.dataprepper.plugins.source.iceberg.leader.LeaderScheduler - Planning snapshot 2114723167719032760 for table iceberg_cdc_poc.users_unpartitioned (operation: overwrite)
2026-03-01T22:17:53,819 [pool-10-thread-1] INFO  org.opensearch.dataprepper.plugins.source.iceberg.leader.TaskGrouper - Planned 1 task group(s) for table iceberg_cdc_poc.users_unpartitioned (snapshot 7593519271322808163 -> 2114723167719032760)
2026-03-01T22:17:53,820 [pool-10-thread-1] INFO  org.opensearch.dataprepper.plugins.source.iceberg.leader.LeaderScheduler - Created 1 partition(s) for snapshot 2114723167719032760, waiting for completion
2026-03-01T22:17:53,820 [pool-10-thread-1] INFO  org.opensearch.dataprepper.plugins.source.iceberg.leader.LeaderScheduler - Snapshot 2114723167719032760 completed for table iceberg_cdc_poc.users_unpartitioned
2026-03-01T22:17:53,820 [pool-10-thread-1] INFO  org.opensearch.dataprepper.plugins.source.iceberg.leader.LeaderScheduler - Planning snapshot 169772872131975979 for table iceberg_cdc_poc.users_unpartitioned (operation: delete)
2026-03-01T22:17:53,978 [pool-10-thread-1] INFO  org.opensearch.dataprepper.plugins.source.iceberg.leader.TaskGrouper - Planned 1 task group(s) for table iceberg_cdc_poc.users_unpartitioned (snapshot 2114723167719032760 -> 169772872131975979)
2026-03-01T22:17:53,979 [pool-10-thread-1] INFO  org.opensearch.dataprepper.plugins.source.iceberg.leader.LeaderScheduler - Created 1 partition(s) for snapshot 169772872131975979, waiting for completion
2026-03-01T22:17:53,979 [pool-10-thread-1] INFO  org.opensearch.dataprepper.plugins.source.iceberg.leader.LeaderScheduler - Snapshot 169772872131975979 completed for table iceberg_cdc_poc.users_unpartitioned
2026-03-01T22:17:54,110 [pool-10-thread-1] INFO  org.opensearch.dataprepper.plugins.source.iceberg.leader.LeaderScheduler - Processing 10 snapshot(s) for table iceberg_cdc_poc.users_partitioned (169772872131975979 -> 2474899801307623196)
2026-03-01T22:17:54,110 [pool-10-thread-1] INFO  org.opensearch.dataprepper.plugins.source.iceberg.leader.LeaderScheduler - First snapshot 2550885236401724800 for iceberg_cdc_poc.users_partitioned, skipping (use initial_load)
2026-03-01T22:17:54,110 [pool-10-thread-1] INFO  org.opensearch.dataprepper.plugins.source.iceberg.leader.LeaderScheduler - Planning snapshot 4044186543745569004 for table iceberg_cdc_poc.users_partitioned (operation: overwrite)
2026-03-01T22:17:54,195 [pool-10-thread-1] INFO  org.opensearch.dataprepper.plugins.source.iceberg.leader.TaskGrouper - Planned 1 task group(s) for table iceberg_cdc_poc.users_partitioned (snapshot 2550885236401724800 -> 4044186543745569004)
2026-03-01T22:17:54,195 [pool-10-thread-1] INFO  org.opensearch.dataprepper.plugins.source.iceberg.leader.LeaderScheduler - Created 1 partition(s) for snapshot 4044186543745569004, waiting for completion
2026-03-01T22:17:54,196 [pool-10-thread-1] INFO  org.opensearch.dataprepper.plugins.source.iceberg.leader.LeaderScheduler - Snapshot 4044186543745569004 completed for table iceberg_cdc_poc.users_partitioned
2026-03-01T22:17:54,198 [pool-10-thread-1] INFO  org.opensearch.dataprepper.plugins.source.iceberg.leader.LeaderScheduler - Planning snapshot 8587536999313189654 for table iceberg_cdc_poc.users_partitioned (operation: overwrite)
2026-03-01T22:17:54,271 [pool-10-thread-1] INFO  org.opensearch.dataprepper.plugins.source.iceberg.leader.TaskGrouper - Planned 1 task group(s) for table iceberg_cdc_poc.users_partitioned (snapshot 4044186543745569004 -> 8587536999313189654)
2026-03-01T22:17:54,272 [pool-10-thread-1] INFO  org.opensearch.dataprepper.plugins.source.iceberg.leader.LeaderScheduler - Created 1 partition(s) for snapshot 8587536999313189654, waiting for completion
2026-03-01T22:17:54,273 [pool-10-thread-1] INFO  org.opensearch.dataprepper.plugins.source.iceberg.leader.LeaderScheduler - Snapshot 8587536999313189654 completed for table iceberg_cdc_poc.users_partitioned
2026-03-01T22:17:54,273 [pool-10-thread-1] INFO  org.opensearch.dataprepper.plugins.source.iceberg.leader.LeaderScheduler - Planning snapshot 4248485031016593412 for table iceberg_cdc_poc.users_partitioned (operation: append)
2026-03-01T22:17:54,446 [pool-10-thread-1] INFO  org.opensearch.dataprepper.plugins.source.iceberg.leader.TaskGrouper - Planned 2 task group(s) for table iceberg_cdc_poc.users_partitioned (snapshot 8587536999313189654 -> 4248485031016593412)
2026-03-01T22:17:54,450 [pool-10-thread-1] INFO  org.opensearch.dataprepper.plugins.source.iceberg.leader.LeaderScheduler - Created 2 partition(s) for snapshot 4248485031016593412, waiting for completion
2026-03-01T22:17:54,450 [pool-10-thread-1] INFO  org.opensearch.dataprepper.plugins.source.iceberg.leader.LeaderScheduler - Snapshot 4248485031016593412 completed for table iceberg_cdc_poc.users_partitioned
2026-03-01T22:17:54,450 [pool-10-thread-1] INFO  org.opensearch.dataprepper.plugins.source.iceberg.leader.LeaderScheduler - Planning snapshot 4326849659971982973 for table iceberg_cdc_poc.users_partitioned (operation: overwrite)
2026-03-01T22:17:54,511 [pool-10-thread-1] INFO  org.opensearch.dataprepper.plugins.source.iceberg.leader.TaskGrouper - Planned 1 task group(s) for table iceberg_cdc_poc.users_partitioned (snapshot 4248485031016593412 -> 4326849659971982973)
2026-03-01T22:17:54,513 [pool-10-thread-1] INFO  org.opensearch.dataprepper.plugins.source.iceberg.leader.LeaderScheduler - Created 1 partition(s) for snapshot 4326849659971982973, waiting for completion
2026-03-01T22:17:54,514 [pool-10-thread-1] INFO  org.opensearch.dataprepper.plugins.source.iceberg.leader.LeaderScheduler - Snapshot 4326849659971982973 completed for table iceberg_cdc_poc.users_partitioned
2026-03-01T22:17:54,514 [pool-10-thread-1] INFO  org.opensearch.dataprepper.plugins.source.iceberg.leader.LeaderScheduler - Planning snapshot 7522198115762695634 for table iceberg_cdc_poc.users_partitioned (operation: delete)
2026-03-01T22:17:54,635 [pool-10-thread-1] INFO  org.opensearch.dataprepper.plugins.source.iceberg.leader.TaskGrouper - Planned 1 task group(s) for table iceberg_cdc_poc.users_partitioned (snapshot 4326849659971982973 -> 7522198115762695634)
2026-03-01T22:17:54,635 [pool-10-thread-1] INFO  org.opensearch.dataprepper.plugins.source.iceberg.leader.LeaderScheduler - Created 1 partition(s) for snapshot 7522198115762695634, waiting for completion
2026-03-01T22:17:54,636 [pool-10-thread-1] INFO  org.opensearch.dataprepper.plugins.source.iceberg.leader.LeaderScheduler - Snapshot 7522198115762695634 completed for table iceberg_cdc_poc.users_partitioned
2026-03-01T22:17:54,636 [pool-10-thread-1] INFO  org.opensearch.dataprepper.plugins.source.iceberg.leader.LeaderScheduler - Planning snapshot 6902158316966586080 for table iceberg_cdc_poc.users_partitioned (operation: append)
2026-03-01T22:17:54,683 [pool-10-thread-1] INFO  org.opensearch.dataprepper.plugins.source.iceberg.leader.TaskGrouper - Planned 1 task group(s) for table iceberg_cdc_poc.users_partitioned (snapshot 7522198115762695634 -> 6902158316966586080)
2026-03-01T22:17:54,685 [pool-10-thread-1] INFO  org.opensearch.dataprepper.plugins.source.iceberg.leader.LeaderScheduler - Created 1 partition(s) for snapshot 6902158316966586080, waiting for completion
2026-03-01T22:17:54,686 [pool-10-thread-1] INFO  org.opensearch.dataprepper.plugins.source.iceberg.leader.LeaderScheduler - Snapshot 6902158316966586080 completed for table iceberg_cdc_poc.users_partitioned
2026-03-01T22:17:54,686 [pool-10-thread-1] INFO  org.opensearch.dataprepper.plugins.source.iceberg.leader.LeaderScheduler - Planning snapshot 5588176263940483711 for table iceberg_cdc_poc.users_partitioned (operation: overwrite)
2026-03-01T22:17:54,745 [pool-10-thread-1] INFO  org.opensearch.dataprepper.plugins.source.iceberg.leader.TaskGrouper - Planned 1 task group(s) for table iceberg_cdc_poc.users_partitioned (snapshot 6902158316966586080 -> 5588176263940483711)
2026-03-01T22:17:54,745 [pool-10-thread-1] INFO  org.opensearch.dataprepper.plugins.source.iceberg.leader.LeaderScheduler - Created 1 partition(s) for snapshot 5588176263940483711, waiting for completion
2026-03-01T22:17:54,746 [pool-10-thread-1] INFO  org.opensearch.dataprepper.plugins.source.iceberg.leader.LeaderScheduler - Snapshot 5588176263940483711 completed for table iceberg_cdc_poc.users_partitioned
2026-03-01T22:17:54,746 [pool-10-thread-1] INFO  org.opensearch.dataprepper.plugins.source.iceberg.leader.LeaderScheduler - Planning snapshot 5619755732010730878 for table iceberg_cdc_poc.users_partitioned (operation: append)
2026-03-01T22:17:54,758 [pool-10-thread-2] INFO  org.opensearch.dataprepper.plugins.source.iceberg.worker.ChangelogWorker - Processing partition for table iceberg_cdc_poc.users_unpartitioned snapshot 8513041424852070752 with 2 file(s)
2026-03-01T22:17:54,765 [pool-10-thread-2] INFO  org.opensearch.dataprepper.plugins.source.iceberg.worker.ChangelogWorker - Reading file s3://497197612387-ap-northeast-1-experiment/iceberg-poc/iceberg_cdc_poc.db/users_unpartitioned/data/00000-4-842a92a0-c857-48b5-a892-557bdef7c377-0-00001.parquet (type: DELETED, operation: DELETE)
2026-03-01T22:17:54,805 [pool-10-thread-1] INFO  org.opensearch.dataprepper.plugins.source.iceberg.leader.TaskGrouper - Planned 1 task group(s) for table iceberg_cdc_poc.users_partitioned (snapshot 5588176263940483711 -> 5619755732010730878)
2026-03-01T22:17:54,806 [pool-10-thread-1] INFO  org.opensearch.dataprepper.plugins.source.iceberg.leader.LeaderScheduler - Created 1 partition(s) for snapshot 5619755732010730878, waiting for completion
2026-03-01T22:17:54,806 [pool-10-thread-1] INFO  org.opensearch.dataprepper.plugins.source.iceberg.leader.LeaderScheduler - Snapshot 5619755732010730878 completed for table iceberg_cdc_poc.users_partitioned
2026-03-01T22:17:54,806 [pool-10-thread-1] INFO  org.opensearch.dataprepper.plugins.source.iceberg.leader.LeaderScheduler - Planning snapshot 2474899801307623196 for table iceberg_cdc_poc.users_partitioned (operation: overwrite)
2026-03-01T22:17:55,163 [pool-10-thread-1] INFO  org.opensearch.dataprepper.plugins.source.iceberg.leader.TaskGrouper - Planned 1 task group(s) for table iceberg_cdc_poc.users_partitioned (snapshot 5619755732010730878 -> 2474899801307623196)
2026-03-01T22:17:55,163 [pool-10-thread-1] INFO  org.opensearch.dataprepper.plugins.source.iceberg.leader.LeaderScheduler - Created 1 partition(s) for snapshot 2474899801307623196, waiting for completion
2026-03-01T22:17:55,163 [pool-10-thread-1] INFO  org.opensearch.dataprepper.plugins.source.iceberg.leader.LeaderScheduler - Snapshot 2474899801307623196 completed for table iceberg_cdc_poc.users_partitioned
2026-03-01T22:17:55,191 [pool-10-thread-2] INFO  org.opensearch.dataprepper.plugins.source.iceberg.worker.ChangelogWorker - Reading file s3://497197612387-ap-northeast-1-experiment/iceberg-poc/iceberg_cdc_poc.db/users_unpartitioned/data/00000-8-9e514a6d-6f3e-415f-ae16-4b6e4f667be5-0-00001.parquet (type: ADDED, operation: INSERT)
2026-03-01T22:17:55,709 [pool-10-thread-2] INFO  org.opensearch.dataprepper.plugins.source.iceberg.worker.ChangelogWorker - Carryover removal: 8 rows -> 2 rows
2026-03-01T22:17:55,712 [pool-10-thread-2] INFO  org.opensearch.dataprepper.plugins.source.iceberg.worker.ChangelogWorker -   Surviving row: Record(2, Bob, 25) op=DELETE
2026-03-01T22:17:55,715 [pool-10-thread-2] INFO  org.opensearch.dataprepper.plugins.source.iceberg.worker.ChangelogWorker -   Surviving row: Record(2, Bobby, 25) op=INSERT
2026-03-01T22:17:55,722 [pool-10-thread-2] INFO  org.opensearch.dataprepper.plugins.source.iceberg.worker.ChangelogWorker - Writing DELETE event: document_id=2, bulk_action=delete
2026-03-01T22:17:55,723 [pool-10-thread-2] INFO  org.opensearch.dataprepper.plugins.source.iceberg.worker.ChangelogWorker - Writing INSERT event: document_id=2, bulk_action=index
2026-03-01T22:17:55,728 [pool-10-thread-2] INFO  org.opensearch.dataprepper.plugins.source.iceberg.worker.ChangelogWorker - Completed processing partition for table iceberg_cdc_poc.users_unpartitioned snapshot 8513041424852070752: 2 events written
2026-03-01T22:17:57,746 [pool-10-thread-2] INFO  org.opensearch.dataprepper.plugins.source.iceberg.worker.ChangelogWorker - Processing partition for table iceberg_cdc_poc.users_unpartitioned snapshot 2906327858013843654 with 2 file(s)
2026-03-01T22:17:57,747 [pool-10-thread-2] INFO  org.opensearch.dataprepper.plugins.source.iceberg.worker.ChangelogWorker - Reading file s3://497197612387-ap-northeast-1-experiment/iceberg-poc/iceberg_cdc_poc.db/users_unpartitioned/data/00000-8-9e514a6d-6f3e-415f-ae16-4b6e4f667be5-0-00001.parquet (type: DELETED, operation: DELETE)
2026-03-01T22:17:58,331 [pool-10-thread-2] INFO  org.opensearch.dataprepper.plugins.source.iceberg.worker.ChangelogWorker - Reading file s3://497197612387-ap-northeast-1-experiment/iceberg-poc/iceberg_cdc_poc.db/users_unpartitioned/data/00000-12-beee58e0-871d-495c-a4a4-c1a850d6babf-0-00001.parquet (type: ADDED, operation: INSERT)
2026-03-01T22:17:58,857 [pool-10-thread-2] INFO  org.opensearch.dataprepper.plugins.source.iceberg.worker.ChangelogWorker - Carryover removal: 7 rows -> 1 rows
2026-03-01T22:17:58,868 [pool-10-thread-2] INFO  org.opensearch.dataprepper.plugins.source.iceberg.worker.ChangelogWorker -   Surviving row: Record(4, Dave, 28) op=DELETE
2026-03-01T22:17:58,870 [pool-10-thread-2] INFO  org.opensearch.dataprepper.plugins.source.iceberg.worker.ChangelogWorker - Writing DELETE event: document_id=4, bulk_action=delete
2026-03-01T22:17:58,872 [pool-10-thread-2] INFO  org.opensearch.dataprepper.plugins.source.iceberg.worker.ChangelogWorker - Completed processing partition for table iceberg_cdc_poc.users_unpartitioned snapshot 2906327858013843654: 1 events written
2026-03-01T22:18:00,887 [pool-10-thread-2] INFO  org.opensearch.dataprepper.plugins.source.iceberg.worker.ChangelogWorker - Processing partition for table iceberg_cdc_poc.users_unpartitioned snapshot 7593519271322808163 with 1 file(s)
2026-03-01T22:18:00,891 [pool-10-thread-2] INFO  org.opensearch.dataprepper.plugins.source.iceberg.worker.ChangelogWorker - Reading file s3://497197612387-ap-northeast-1-experiment/iceberg-poc/iceberg_cdc_poc.db/users_unpartitioned/data/00000-0-ee695b4d-3f0c-42d3-9a6f-ca35398250cb-0-00001.parquet (type: ADDED, operation: INSERT)
2026-03-01T22:18:01,483 [pool-10-thread-2] INFO  org.opensearch.dataprepper.plugins.source.iceberg.worker.ChangelogWorker - Writing INSERT event: document_id=50, bulk_action=index
2026-03-01T22:18:01,486 [pool-10-thread-2] INFO  org.opensearch.dataprepper.plugins.source.iceberg.worker.ChangelogWorker - Completed processing partition for table iceberg_cdc_poc.users_unpartitioned snapshot 7593519271322808163: 1 events written
